21/05/11 17:38:29 : Username and Password not accepted. Learn more at<EOL> https://support.google.com/mail/?p=BadCredentials r7sm3605308wmq.3 - gsmtp<EOL>
21/05/11 17:41:26 : Username and Password not accepted. Learn more at<EOL> https://support.google.com/mail/?p=BadCredentials r2sm27421489wrt.79 - gsmtp<EOL>
21/05/11 17:42:15 : Username and Password not accepted. Learn more at<EOL> https://support.google.com/mail/?p=BadCredentials t18sm13979060wmq.19 - gsmtp<EOL>
21/05/11 17:58:46 : Username and Password not accepted. Learn more at<EOL> https://support.google.com/mail/?p=BadCredentials g11sm28684808wri.59 - gsmtp<EOL>
21/05/11 17:59:36 : Username and Password not accepted. Learn more at<EOL> https://support.google.com/mail/?p=BadCredentials a15sm30934647wrx.9 - gsmtp<EOL>
21/05/11 18:01:07 : Username and Password not accepted. Learn more at<EOL> https://support.google.com/mail/?p=BadCredentials f1sm893584wrr.63 - gsmtp<EOL>
21/05/11 18:03:08 : Username and Password not accepted. Learn more at<EOL> https://support.google.com/mail/?p=BadCredentials f22sm23781344wmj.42 - gsmtp<EOL>
21/05/11 19:26:57 : Socket Error # 11001<EOL>Host not found.
21/05/11 19:27:14 : Socket Error # 11001<EOL>Host not found.
21/05/12 01:11:52 : Username and Password not accepted. Learn more at<EOL> https://support.google.com/mail/?p=BadCredentials x4sm4639354wmj.17 - gsmtp<EOL>
21/05/12 01:14:22 : Username and Password not accepted. Learn more at<EOL> https://support.google.com/mail/?p=BadCredentials n10sm29805762wrw.37 - gsmtp<EOL>
21/05/12 01:17:06 : Username and Password not accepted. Learn more at<EOL> https://support.google.com/mail/?p=BadCredentials n6sm29519775wro.23 - gsmtp<EOL>
21/07/12 11:19:38 : Socket Error # 10054<EOL>Connection reset by peer.
21/07/15 10:33:32 : Message is missing recipient's address
21/07/15 10:37:56 : Socket Error # 11001<EOL>Host not found.
21/07/15 12:02:33 : Connection Closed Gracefully.
21/07/21 19:51:32 : Message is missing recipient's address
21/07/21 21:07:32 : Message is missing recipient's address
21/07/21 22:10:16 : Message is missing recipient's address
21/07/21 22:31:02 : Message is missing recipient's address
21/07/21 22:33:26 : Message is missing recipient's address
21/08/04 01:03:12 : Socket Error # 11001<EOL>Host not found.
21/08/04 01:33:44 : Socket Error # 11001<EOL>Host not found.
21/08/04 01:39:01 : Socket Error # 11001<EOL>Host not found.
21/08/04 01:39:02 : Socket Error # 11001<EOL>Host not found.
21/08/17 20:09:50 : Socket Error # 11001<EOL>Host not found.
21/09/05 15:22:07 : Socket Error # 11001<EOL>Host not found.
21/09/05 16:54:27 : Socket Error # 11001<EOL>Host not found.
21/09/05 16:54:53 : Socket Error # 11001<EOL>Host not found.
21/09/09 23:38:48 : Socket Error # 11001<EOL>Host not found.
21/09/09 23:39:10 : Message is missing recipient's address
21/09/09 23:39:10 : Socket Error # 11001<EOL>Host not found.
21/09/09 23:39:11 : Socket Error # 11001<EOL>Host not found.
21/09/09 23:39:11 : Socket Error # 11001<EOL>Host not found.
21/09/09 23:39:11 : Socket Error # 11001<EOL>Host not found.
21/09/09 23:39:11 : Socket Error # 11001<EOL>Host not found.
21/09/09 23:39:11 : Socket Error # 11001<EOL>Host not found.
21/09/09 23:39:12 : Socket Error # 11001<EOL>Host not found.
21/09/09 23:39:12 : Socket Error # 11001<EOL>Host not found.
21/09/09 23:39:12 : Socket Error # 11001<EOL>Host not found.
21/09/09 23:39:12 : Socket Error # 11001<EOL>Host not found.
21/09/09 23:39:13 : Socket Error # 11001<EOL>Host not found.
21/09/09 23:39:13 : Socket Error # 11001<EOL>Host not found.
21/09/09 23:39:13 : Socket Error # 11001<EOL>Host not found.
21/09/09 23:39:13 : Socket Error # 11001<EOL>Host not found.
21/09/09 23:39:13 : Socket Error # 11001<EOL>Host not found.
21/09/09 23:39:14 : Socket Error # 11001<EOL>Host not found.
21/09/09 23:39:14 : Socket Error # 11001<EOL>Host not found.
21/09/09 23:39:14 : Socket Error # 11001<EOL>Host not found.
21/09/09 23:39:14 : Socket Error # 11001<EOL>Host not found.
21/09/09 23:39:15 : Socket Error # 11001<EOL>Host not found.
21/09/09 23:39:15 : Socket Error # 11001<EOL>Host not found.
